<?xml version="1.0" encoding="UTF-8"?>
<!-- Generated by org.testng.reporters.JUnitReportReporter -->
<testsuite skipped="0" hostname="MAVBCP2226" name="com.test.javascriptexecutor.TestJavascriptExecutor" tests="2" failures="0" timestamp="2021-12-23T11:43:07 IST" time="43.800" errors="0">
  <testcase name="JavaScriptLogin" time="26.899" classname="com.test.javascriptexecutor.TestJavascriptExecutor"/>
  <system-out/>
  <testcase name="JavaScriptScroll" time="16.901" classname="com.test.javascriptexecutor.TestJavascriptExecutor"/>
  <system-out/>
</testsuite> <!-- com.test.javascriptexecutor.TestJavascriptExecutor -->
