<?xml version="1.0" encoding="UTF-8"?>
<!-- Generated by org.testng.reporters.JUnitReportReporter -->
<testsuite skipped="0" hostname="MAVBCP2226" name="com.test.robot.TestRobotClass" tests="1" failures="0" timestamp="2021-12-22T16:37:15 IST" time="25.203" errors="0">
  <testcase name="MouseActions" time="25.203" classname="com.test.robot.TestRobotClass"/>
  <system-out/>
</testsuite> <!-- com.test.robot.TestRobotClass -->
