<?xml version="1.0" encoding="UTF-8"?>
<!-- Generated by org.testng.reporters.JUnitReportReporter -->
<testsuite skipped="0" hostname="MAVBCP2226" name="com.test.actions.TestActions" tests="1" failures="0" timestamp="2021-12-23T19:31:48 IST" time="36.226" errors="0">
  <testcase name="ActionsClass" time="36.226" classname="com.test.actions.TestActions"/>
  <system-out/>
</testsuite> <!-- com.test.actions.TestActions -->
