<?xml version="1.0" encoding="UTF-8"?>
<!-- Generated by org.testng.reporters.JUnitReportReporter -->
<testsuite skipped="0" hostname="MAVBCP2226" name="com.test.robot.TestRobotClass" tests="3" failures="0" timestamp="2021-12-23T14:56:38 IST" time="104.094" errors="0">
  <testcase name="RobotClassKeyboardActions" time="56.898" classname="com.test.robot.TestRobotClass"/>
  <system-out/>
  <testcase name="MouseActions" time="22.579" classname="com.test.robot.TestRobotClass"/>
  <system-out/>
  <testcase name="MouseScrollActions" time="24.617" classname="com.test.robot.TestRobotClass"/>
  <system-out/>
</testsuite> <!-- com.test.robot.TestRobotClass -->
