<?xml version="1.0" encoding="UTF-8"?>
<!-- Generated by org.testng.reporters.JUnitReportReporter -->
<testsuite skipped="0" hostname="MAVBCP2226" name="com.test.javascriptexecutor.TestJavascriptExecutor" tests="2" failures="0" timestamp="2021-12-23T14:56:38 IST" time="37.333" errors="0">
  <testcase name="JavaScriptLogin" time="22.029" classname="com.test.javascriptexecutor.TestJavascriptExecutor"/>
  <system-out/>
  <testcase name="JavaScriptScroll" time="15.304" classname="com.test.javascriptexecutor.TestJavascriptExecutor"/>
  <system-out/>
</testsuite> <!-- com.test.javascriptexecutor.TestJavascriptExecutor -->
