<?xml version="1.0" encoding="UTF-8"?>
<!-- Generated by org.testng.reporters.JUnitReportReporter -->
<testsuite skipped="0" hostname="MAVBCP2226" name="com.test.autoit.TestAutoIT" tests="1" failures="0" timestamp="2021-12-23T14:56:38 IST" time="41.003" errors="0">
  <testcase name="UploadFile" time="41.003" classname="com.test.autoit.TestAutoIT"/>
  <system-out/>
</testsuite> <!-- com.test.autoit.TestAutoIT -->
